<?xml version="1.0" encoding="UTF-8"?>
<!-- Generated by org.testng.reporters.JUnitReportReporter -->
<testsuite hostname="LAPTOP-5KMFOFH9" failures="0" tests="1" name="com.SwagLabs.TestCases.CheckOutPageTEst" time="0.618" errors="0" timestamp="2024-02-02T19:26:17 IST" skipped="0">
  <testcase classname="com.SwagLabs.TestCases.CheckOutPageTEst" name="validateContinueProcess" time="0.618"/>
  <system-out/>
</testsuite> <!-- com.SwagLabs.TestCases.CheckOutPageTEst -->
