<?xml version="1.0" encoding="UTF-8"?>
<!-- Generated by org.testng.reporters.JUnitReportReporter -->
<testsuite hostname="LAPTOP-39100DHL" failures="0" tests="3" name="com.SwagLabs.TestCases.OverviewPageTEst" time="0.431" errors="0" timestamp="2024-02-28T10:40:17 IST" skipped="0">
  <testcase classname="com.SwagLabs.TestCases.OverviewPageTEst" name="verifyUrl" time="0.026"/>
  <system-out/>
  <testcase classname="com.SwagLabs.TestCases.OverviewPageTEst" name="verifyProductDetails" time="0.173"/>
  <system-out/>
  <testcase classname="com.SwagLabs.TestCases.OverviewPageTEst" name="verifyCompleteProcess" time="0.232"/>
  <system-out/>
</testsuite> <!-- com.SwagLabs.TestCases.OverviewPageTEst -->
