<?xml version="1.0" encoding="UTF-8"?>
<!-- Generated by org.testng.reporters.JUnitReportReporter -->
<testsuite hostname="LAPTOP-39100DHL" failures="0" tests="4" name="com.SwagLabs.TestCases.AddToCartPageTEst" time="8.653" errors="0" timestamp="2024-02-28T10:31:52 IST" skipped="0">
  <testcase classname="com.SwagLabs.TestCases.AddToCartPageTEst" name="verifyCartPage" time="0.098"/>
  <system-out/>
  <testcase classname="com.SwagLabs.TestCases.AddToCartPageTEst" name="validateRemoveProduct" time="2.088"/>
  <system-out/>
  <testcase classname="com.SwagLabs.TestCases.AddToCartPageTEst" name="validateContinue" time="6.400"/>
  <system-out/>
  <testcase classname="com.SwagLabs.TestCases.AddToCartPageTEst" name="validateCheckout" time="0.067"/>
  <system-out/>
</testsuite> <!-- com.SwagLabs.TestCases.AddToCartPageTEst -->
