<?xml version="1.0" encoding="UTF-8"?>
<!-- Generated by org.testng.reporters.JUnitReportReporter -->
<testsuite hostname="LAPTOP-39100DHL" failures="0" tests="1" name="Reportsdemo.ExtentReportDemo" time="0.896" errors="0" timestamp="2024-02-25T15:51:19 IST" skipped="0">
  <testcase classname="Reportsdemo.ExtentReportDemo" name="reportTest" time="0.896"/>
  <system-out/>
</testsuite> <!-- Reportsdemo.ExtentReportDemo -->
