<?xml version="1.0" encoding="UTF-8"?>
<!-- Generated by org.testng.reporters.JUnitReportReporter -->
<testsuite hostname="LAPTOP-5KMFOFH9" failures="0" tests="4" name="com.SwagLabs.TestCases.AddToCartPageTEst" time="8.900" errors="0" timestamp="2024-02-02T19:16:52 IST" skipped="0">
  <testcase classname="com.SwagLabs.TestCases.AddToCartPageTEst" name="verifyCartPage" time="0.137"/>
  <system-out/>
  <testcase classname="com.SwagLabs.TestCases.AddToCartPageTEst" name="validateRemoveProduct" time="2.108"/>
  <system-out/>
  <testcase classname="com.SwagLabs.TestCases.AddToCartPageTEst" name="validateContinue" time="6.514"/>
  <system-out/>
  <testcase classname="com.SwagLabs.TestCases.AddToCartPageTEst" name="validateCheckout" time="0.141"/>
  <system-out/>
</testsuite> <!-- com.SwagLabs.TestCases.AddToCartPageTEst -->
