<?xml version="1.0" encoding="UTF-8"?>
<!-- Generated by org.testng.reporters.JUnitReportReporter -->
<testsuite hostname="LAPTOP-39100DHL" failures="0" tests="3" name="com.SwagLabs.TestCases.OverviewPageTEst" time="0.407" errors="0" timestamp="2024-03-01T17:42:49 IST" skipped="0">
  <testcase classname="com.SwagLabs.TestCases.OverviewPageTEst" name="verifyUrl" time="0.031"/>
  <system-out/>
  <testcase classname="com.SwagLabs.TestCases.OverviewPageTEst" name="verifyProductDetails" time="0.169"/>
  <system-out/>
  <testcase classname="com.SwagLabs.TestCases.OverviewPageTEst" name="verifyCompleteProcess" time="0.207"/>
  <system-out/>
</testsuite> <!-- com.SwagLabs.TestCases.OverviewPageTEst -->
